<?xml version="1.0" encoding="UTF-8"?>
<!-- Generated by org.testng.reporters.JUnitReportReporter -->
<testsuite hostname="DESKTOP-O1RBTJN" failures="0" tests="6" name="TNG.Basic" time="0.020" errors="0" timestamp="2023-11-07T18:49:27 IST" skipped="0">
  <testcase classname="TNG.Basic" name="a6" time="0.001"/>
  <system-out/>
  <testcase classname="TNG.Basic" name="a3" time="0.002"/>
  <system-out/>
  <testcase classname="TNG.Basic" name="a4" time="0.001"/>
  <system-out/>
  <testcase classname="TNG.Basic" name="a5" time="0.001"/>
  <system-out/>
  <testcase classname="TNG.Basic" name="a2" time="0.002"/>
  <system-out/>
  <testcase classname="TNG.Basic" name="a1" time="0.013"/>
  <system-out/>
</testsuite> <!-- TNG.Basic -->
