<?xml version="1.0" encoding="UTF-8"?>
<!-- Generated by org.testng.reporters.JUnitReportReporter -->
<testsuite hostname="DESKTOP-O1RBTJN" failures="0" tests="5" name="TNG.ModelTC" time="1.127" errors="0" timestamp="2023-11-07T18:55:35 IST" skipped="0">
  <testcase classname="TNG.ModelTC" name="Verifyemail" time="0.068"/>
  <system-out/>
  <testcase classname="TNG.ModelTC" name="VerifyCLick" time="0.071"/>
  <system-out/>
  <testcase classname="TNG.ModelTC" name="VerifyTitle" time="0.014"/>
  <system-out/>
  <testcase classname="TNG.ModelTC" name="VerifyUrl" time="0.008"/>
  <system-out/>
  <testcase classname="TNG.ModelTC" name="VerifyPass" time="0.966"/>
  <system-out/>
</testsuite> <!-- TNG.ModelTC -->
