<?xml version="1.0" encoding="UTF-8"?>
<!-- Generated by org.testng.reporters.JUnitReportReporter -->
<testsuite hostname="DESKTOP-O1RBTJN" failures="0" tests="5" name="Task1.OrangeHRMLoginTest" time="0.564" errors="0" timestamp="2023-11-08T10:31:59 IST" skipped="0">
  <testcase classname="Task1.OrangeHRMLoginTest" name="VerifyUsername" time="0.105"/>
  <system-out/>
  <testcase classname="Task1.OrangeHRMLoginTest" name="VerifyTitle" time="0.031"/>
  <system-out/>
  <testcase classname="Task1.OrangeHRMLoginTest" name="VerifyclickLogin" time="0.068"/>
  <system-out/>
  <testcase classname="Task1.OrangeHRMLoginTest" name="VerifyPassword" time="0.337"/>
  <system-out/>
  <testcase classname="Task1.OrangeHRMLoginTest" name="VerifyURL" time="0.023"/>
  <system-out/>
</testsuite> <!-- Task1.OrangeHRMLoginTest -->
